{"logTime": "0524/113728", "correlationVector":"5ERCcg8uGD3kUxcwKssTam.0","action":"FeedSettingFetch_homeCloud", "result":"0", "context":{}}
{"logTime": "0524/113728", "correlationVector":"q6/AcDqEAeUeGq0bvxlhIO.1","action":"SyncServerConnectionManagerRequest", "result":"SYNC_SERVER_OK", "context":{"environment":"Prod_SoutheastAsia_000j", "migrationStage":"NotStarted", "server":"GENERAL01000007"}}
{"logTime": "0524/113728", "correlationVector":"q6/AcDqEAeUeGq0bvxlhIO","action":"Initial GetUpdates", "result":"", "context":Reason: NEW_CLIENT. cV=q6/AcDqEAeUeGq0bvxlhIO}
{"logTime": "0524/113728", "correlationVector":"q6/AcDqEAeUeGq0bvxlhIO.2","action":"GetUpdates Response", "result":"SYNCER_OK", "context":Received 1 update(s). cV=q6/AcDqEAeUeGq0bvxlhIO.0;server=GENERAL01000007;cloudType=Consumer;environment=Prod_SoutheastAsia_000j;migrationStage=NotStarted}
{"logTime": "0524/113728", "correlationVector":"GFKYPX2/DwFRSahXWHPFVW","action":"SyncServerConnectionManagerRequest", "result":"SYNC_SERVER_OK", "context":{"environment":"", "migrationStage":"", "server":""}}
{"logTime": "0524/113728", "correlationVector":"VVZyz1OB0HV/B1oSRZHKy5","action":"Initial GetUpdates", "result":"", "context":Reason: NEW_CLIENT. cV=VVZyz1OB0HV/B1oSRZHKy5}
{"logTime": "0524/113728", "correlationVector":"VVZyz1OB0HV/B1oSRZHKy5.1","action":"SyncServerConnectionManagerRequest", "result":"SYNC_SERVER_OK", "context":{"environment":"Prod_SoutheastAsia_000j", "migrationStage":"NotStarted", "server":"GENERAL0100001E"}}
{"logTime": "0524/113729", "correlationVector":"VVZyz1OB0HV/B1oSRZHKy5.2","action":"GetUpdates Response", "result":"SYNCER_OK", "context":Received 84 update(s). cV=VVZyz1OB0HV/B1oSRZHKy5.0;server=GENERAL0100001E;cloudType=Consumer;environment=Prod_SoutheastAsia_000j;migrationStage=NotStarted}
{"logTime": "0524/113729", "correlationVector":"SnDiKhuZXI+3OuEUefRLM/","action":"Initial GetUpdates", "result":"", "context":Reason: NEWLY_SUPPORTED_DATATYPE. cV=SnDiKhuZXI+3OuEUefRLM/}
{"logTime": "0524/113729", "correlationVector":"SnDiKhuZXI+3OuEUefRLM/.1","action":"SyncServerConnectionManagerRequest", "result":"SYNC_SERVER_OK", "context":{"environment":"Prod_SoutheastAsia_000j", "migrationStage":"NotStarted", "server":"GENERAL0100000A"}}
{"logTime": "0524/113729", "correlationVector":"SnDiKhuZXI+3OuEUefRLM/.2","action":"GetUpdates Response", "result":"SYNCER_OK", "context":Received 169 update(s). cV=SnDiKhuZXI+3OuEUefRLM/.0;server=GENERAL0100000A;cloudType=Consumer;environment=Prod_SoutheastAsia_000j;migrationStage=NotStarted}
{"logTime": "0524/113729", "correlationVector":"Tjba6RzlynmkSphsjU2Uew","action":"Initial GetUpdates", "result":"", "context":Reason: NEWLY_SUPPORTED_DATATYPE. cV=Tjba6RzlynmkSphsjU2Uew}
{"logTime": "0524/113732", "correlationVector":"Tjba6RzlynmkSphsjU2Uew.1","action":"SyncServerConnectionManagerRequest", "result":"SYNC_SERVER_OK", "context":{"environment":"Prod_SoutheastAsia_000j", "migrationStage":"NotStarted", "server":"GENERAL01000008"}}
{"logTime": "0524/113732", "correlationVector":"Tjba6RzlynmkSphsjU2Uew.2","action":"GetUpdates Response", "result":"SERVER_MORE_TO_DOWNLOAD", "context":Received 262 update(s).  Some updates remain.}
{"logTime": "0524/113732", "correlationVector":"Nh9WqqaDYHbOXqE7DI4ogU","action":"Initial GetUpdates", "result":"", "context":Reason: NEWLY_SUPPORTED_DATATYPE. cV=Nh9WqqaDYHbOXqE7DI4ogU}
{"logTime": "0524/113732", "correlationVector":"Nh9WqqaDYHbOXqE7DI4ogU.1","action":"SyncServerConnectionManagerRequest", "result":"SYNC_SERVER_OK", "context":{"environment":"Prod_SoutheastAsia_000j", "migrationStage":"NotStarted", "server":"GENERAL0100000W"}}
{"logTime": "0524/113732", "correlationVector":"Nh9WqqaDYHbOXqE7DI4ogU.2","action":"GetUpdates Response", "result":"SERVER_MORE_TO_DOWNLOAD", "context":Received 251 update(s).  Some updates remain.}
{"logTime": "0524/113732", "correlationVector":"Q8Hw9Lqb556N3b8A9tnQIj","action":"Initial GetUpdates", "result":"", "context":Reason: NEWLY_SUPPORTED_DATATYPE. cV=Q8Hw9Lqb556N3b8A9tnQIj}
{"logTime": "0524/113732", "correlationVector":"Q8Hw9Lqb556N3b8A9tnQIj.1","action":"SyncServerConnectionManagerRequest", "result":"SYNC_SERVER_OK", "context":{"environment":"Prod_SoutheastAsia_000j", "migrationStage":"NotStarted", "server":"GENERAL0100000N"}}
{"logTime": "0524/113733", "correlationVector":"Q8Hw9Lqb556N3b8A9tnQIj.2","action":"GetUpdates Response", "result":"SERVER_MORE_TO_DOWNLOAD", "context":Received 257 update(s).  Some updates remain.}
{"logTime": "0524/113733", "correlationVector":"JEXsJms9/8u/90JepMVysC","action":"Initial GetUpdates", "result":"", "context":Reason: NEWLY_SUPPORTED_DATATYPE. cV=JEXsJms9/8u/90JepMVysC}
{"logTime": "0524/113733", "correlationVector":"JEXsJms9/8u/90JepMVysC.1","action":"SyncServerConnectionManagerRequest", "result":"SYNC_SERVER_OK", "context":{"environment":"Prod_SoutheastAsia_000j", "migrationStage":"NotStarted", "server":"GENERAL0100000X"}}
{"logTime": "0524/113733", "correlationVector":"JEXsJms9/8u/90JepMVysC.2","action":"GetUpdates Response", "result":"SERVER_MORE_TO_DOWNLOAD", "context":Received 265 update(s).  Some updates remain.}
{"logTime": "0524/113734", "correlationVector":"Zfi4TsgBYR71adpmslv9Qx","action":"Initial GetUpdates", "result":"", "context":Reason: NEWLY_SUPPORTED_DATATYPE. cV=Zfi4TsgBYR71adpmslv9Qx}
{"logTime": "0524/113735", "correlationVector":"Zfi4TsgBYR71adpmslv9Qx.1","action":"SyncServerConnectionManagerRequest", "result":"SYNC_SERVER_OK", "context":{"environment":"Prod_SoutheastAsia_000j", "migrationStage":"NotStarted", "server":"GENERAL0100000N"}}
{"logTime": "0524/113735", "correlationVector":"Zfi4TsgBYR71adpmslv9Qx.2","action":"GetUpdates Response", "result":"SERVER_MORE_TO_DOWNLOAD", "context":Received 265 update(s).  Some updates remain.}
{"logTime": "0524/113735", "correlationVector":"CPMycSFI5fHc3+bofE/NOt","action":"Initial GetUpdates", "result":"", "context":Reason: NEWLY_SUPPORTED_DATATYPE. cV=CPMycSFI5fHc3+bofE/NOt}
{"logTime": "0524/113735", "correlationVector":"CPMycSFI5fHc3+bofE/NOt.1","action":"SyncServerConnectionManagerRequest", "result":"SYNC_SERVER_OK", "context":{"environment":"Prod_SoutheastAsia_000j", "migrationStage":"NotStarted", "server":"GENERAL0100000P"}}
{"logTime": "0524/113735", "correlationVector":"CPMycSFI5fHc3+bofE/NOt.2","action":"GetUpdates Response", "result":"SERVER_MORE_TO_DOWNLOAD", "context":Received 264 update(s).  Some updates remain.}
{"logTime": "0524/113735", "correlationVector":"APD+KFl6zm98NlJ09K1Ca7","action":"Initial GetUpdates", "result":"", "context":Reason: NEWLY_SUPPORTED_DATATYPE. cV=APD+KFl6zm98NlJ09K1Ca7}
{"logTime": "0524/113735", "correlationVector":"APD+KFl6zm98NlJ09K1Ca7.1","action":"SyncServerConnectionManagerRequest", "result":"SYNC_SERVER_OK", "context":{"environment":"Prod_SoutheastAsia_000j", "migrationStage":"NotStarted", "server":"general0100001F"}}
{"logTime": "0524/113735", "correlationVector":"APD+KFl6zm98NlJ09K1Ca7.2","action":"GetUpdates Response", "result":"SERVER_MORE_TO_DOWNLOAD", "context":Received 263 update(s).  Some updates remain.}
{"logTime": "0524/113735", "correlationVector":"+bNYMP+LZ5e5ZWDuqFEKa8","action":"Initial GetUpdates", "result":"", "context":Reason: NEWLY_SUPPORTED_DATATYPE. cV=+bNYMP+LZ5e5ZWDuqFEKa8}
{"logTime": "0524/113735", "correlationVector":"+bNYMP+LZ5e5ZWDuqFEKa8.1","action":"SyncServerConnectionManagerRequest", "result":"SYNC_SERVER_OK", "context":{"environment":"Prod_SoutheastAsia_000j", "migrationStage":"NotStarted", "server":"GENERAL01000016"}}
{"logTime": "0524/113735", "correlationVector":"+bNYMP+LZ5e5ZWDuqFEKa8.2","action":"GetUpdates Response", "result":"SERVER_MORE_TO_DOWNLOAD", "context":Received 259 update(s).  Some updates remain.}
{"logTime": "0524/113735", "correlationVector":"iwKdMzg+A0lARVAzHxyW5g","action":"Initial GetUpdates", "result":"", "context":Reason: NEWLY_SUPPORTED_DATATYPE. cV=iwKdMzg+A0lARVAzHxyW5g}
{"logTime": "0524/113735", "correlationVector":"iwKdMzg+A0lARVAzHxyW5g.1","action":"SyncServerConnectionManagerRequest", "result":"SYNC_SERVER_OK", "context":{"environment":"Prod_SoutheastAsia_000j", "migrationStage":"NotStarted", "server":"GENERAL0100000P"}}
{"logTime": "0524/113735", "correlationVector":"iwKdMzg+A0lARVAzHxyW5g.2","action":"GetUpdates Response", "result":"SERVER_MORE_TO_DOWNLOAD", "context":Received 260 update(s).  Some updates remain.}
{"logTime": "0524/113735", "correlationVector":"yhQAptnqQ7yDkWcWmjvTDH","action":"Initial GetUpdates", "result":"", "context":Reason: NEWLY_SUPPORTED_DATATYPE. cV=yhQAptnqQ7yDkWcWmjvTDH}
{"logTime": "0524/113735", "correlationVector":"yhQAptnqQ7yDkWcWmjvTDH.1","action":"SyncServerConnectionManagerRequest", "result":"SYNC_SERVER_OK", "context":{"environment":"Prod_SoutheastAsia_000j", "migrationStage":"NotStarted", "server":"GENERAL0100000J"}}
{"logTime": "0524/113735", "correlationVector":"yhQAptnqQ7yDkWcWmjvTDH.2","action":"GetUpdates Response", "result":"SERVER_MORE_TO_DOWNLOAD", "context":Received 263 update(s).  Some updates remain.}
{"logTime": "0524/113735", "correlationVector":"qthDuHGbjktOGJKda1+CKR","action":"Initial GetUpdates", "result":"", "context":Reason: NEWLY_SUPPORTED_DATATYPE. cV=qthDuHGbjktOGJKda1+CKR}
{"logTime": "0524/113735", "correlationVector":"qthDuHGbjktOGJKda1+CKR.1","action":"SyncServerConnectionManagerRequest", "result":"SYNC_SERVER_OK", "context":{"environment":"Prod_SoutheastAsia_000j", "migrationStage":"NotStarted", "server":"GENERAL0100001J"}}
{"logTime": "0524/113735", "correlationVector":"qthDuHGbjktOGJKda1+CKR.2","action":"GetUpdates Response", "result":"SERVER_MORE_TO_DOWNLOAD", "context":Received 253 update(s).  Some updates remain.}
{"logTime": "0524/113735", "correlationVector":"yE9QhOAgJ3u7dyN4PQJ91e","action":"Initial GetUpdates", "result":"", "context":Reason: NEWLY_SUPPORTED_DATATYPE. cV=yE9QhOAgJ3u7dyN4PQJ91e}
{"logTime": "0524/113735", "correlationVector":"yE9QhOAgJ3u7dyN4PQJ91e.1","action":"SyncServerConnectionManagerRequest", "result":"SYNC_SERVER_OK", "context":{"environment":"Prod_SoutheastAsia_000j", "migrationStage":"NotStarted", "server":"GENERAL01000005"}}
{"logTime": "0524/113735", "correlationVector":"yE9QhOAgJ3u7dyN4PQJ91e.2","action":"GetUpdates Response", "result":"SERVER_MORE_TO_DOWNLOAD", "context":Received 252 update(s).  Some updates remain.}
{"logTime": "0524/113735", "correlationVector":"06hpJM5I0ER3dQCCpMBsT3","action":"Initial GetUpdates", "result":"", "context":Reason: NEWLY_SUPPORTED_DATATYPE. cV=06hpJM5I0ER3dQCCpMBsT3}
{"logTime": "0524/113735", "correlationVector":"06hpJM5I0ER3dQCCpMBsT3.1","action":"SyncServerConnectionManagerRequest", "result":"SYNC_SERVER_OK", "context":{"environment":"Prod_SoutheastAsia_000j", "migrationStage":"NotStarted", "server":"GENERAL0100000Z"}}
{"logTime": "0524/113735", "correlationVector":"06hpJM5I0ER3dQCCpMBsT3.2","action":"GetUpdates Response", "result":"SERVER_MORE_TO_DOWNLOAD", "context":Received 262 update(s).  Some updates remain.}
{"logTime": "0524/113735", "correlationVector":"OmttfJVikGWZO4dk+Mt1Sz","action":"Initial GetUpdates", "result":"", "context":Reason: NEWLY_SUPPORTED_DATATYPE. cV=OmttfJVikGWZO4dk+Mt1Sz}
{"logTime": "0524/113735", "correlationVector":"OmttfJVikGWZO4dk+Mt1Sz.1","action":"SyncServerConnectionManagerRequest", "result":"SYNC_SERVER_OK", "context":{"environment":"Prod_SoutheastAsia_000j", "migrationStage":"NotStarted", "server":"general01000013"}}
{"logTime": "0524/113735", "correlationVector":"OmttfJVikGWZO4dk+Mt1Sz.2","action":"GetUpdates Response", "result":"SERVER_MORE_TO_DOWNLOAD", "context":Received 254 update(s).  Some updates remain.}
{"logTime": "0524/113735", "correlationVector":"I/srmIxL2P5Pw5DW2AR0+E","action":"Initial GetUpdates", "result":"", "context":Reason: NEWLY_SUPPORTED_DATATYPE. cV=I/srmIxL2P5Pw5DW2AR0+E}
{"logTime": "0524/113735", "correlationVector":"I/srmIxL2P5Pw5DW2AR0+E.1","action":"SyncServerConnectionManagerRequest", "result":"SYNC_SERVER_OK", "context":{"environment":"Prod_SoutheastAsia_000j", "migrationStage":"NotStarted", "server":"GENERAL01000017"}}
{"logTime": "0524/113735", "correlationVector":"I/srmIxL2P5Pw5DW2AR0+E.2","action":"GetUpdates Response", "result":"SERVER_MORE_TO_DOWNLOAD", "context":Received 263 update(s).  Some updates remain.}
{"logTime": "0524/113735", "correlationVector":"IKINXEG8fQ4irx66z5RgH2","action":"Initial GetUpdates", "result":"", "context":Reason: NEWLY_SUPPORTED_DATATYPE. cV=IKINXEG8fQ4irx66z5RgH2}
{"logTime": "0524/113735", "correlationVector":"IKINXEG8fQ4irx66z5RgH2.1","action":"SyncServerConnectionManagerRequest", "result":"SYNC_SERVER_OK", "context":{"environment":"Prod_SoutheastAsia_000j", "migrationStage":"NotStarted", "server":"GENERAL01000008"}}
{"logTime": "0524/113735", "correlationVector":"IKINXEG8fQ4irx66z5RgH2.2","action":"GetUpdates Response", "result":"SERVER_MORE_TO_DOWNLOAD", "context":Received 254 update(s).  Some updates remain.}
{"logTime": "0524/113735", "correlationVector":"pvM/AsE9PDLYYNX9B8752K","action":"Initial GetUpdates", "result":"", "context":Reason: NEWLY_SUPPORTED_DATATYPE. cV=pvM/AsE9PDLYYNX9B8752K}
{"logTime": "0524/113735", "correlationVector":"pvM/AsE9PDLYYNX9B8752K.1","action":"SyncServerConnectionManagerRequest", "result":"SYNC_SERVER_OK", "context":{"environment":"Prod_SoutheastAsia_000j", "migrationStage":"NotStarted", "server":"general01000009"}}
{"logTime": "0524/113735", "correlationVector":"pvM/AsE9PDLYYNX9B8752K.2","action":"GetUpdates Response", "result":"SERVER_MORE_TO_DOWNLOAD", "context":Received 262 update(s).  Some updates remain.}
{"logTime": "0524/113735", "correlationVector":"15n5yJ/TzqexQ1piXJW/iq","action":"Initial GetUpdates", "result":"", "context":Reason: NEWLY_SUPPORTED_DATATYPE. cV=15n5yJ/TzqexQ1piXJW/iq}
{"logTime": "0524/113735", "correlationVector":"15n5yJ/TzqexQ1piXJW/iq.1","action":"SyncServerConnectionManagerRequest", "result":"SYNC_SERVER_OK", "context":{"environment":"Prod_SoutheastAsia_000j", "migrationStage":"NotStarted", "server":"GENERAL0100000L"}}
{"logTime": "0524/113735", "correlationVector":"15n5yJ/TzqexQ1piXJW/iq.2","action":"GetUpdates Response", "result":"SERVER_MORE_TO_DOWNLOAD", "context":Received 265 update(s).  Some updates remain.}
{"logTime": "0524/113735", "correlationVector":"cPXFuq2RpMvzUm7jDzp69B","action":"Initial GetUpdates", "result":"", "context":Reason: NEWLY_SUPPORTED_DATATYPE. cV=cPXFuq2RpMvzUm7jDzp69B}
{"logTime": "0524/113735", "correlationVector":"cPXFuq2RpMvzUm7jDzp69B.1","action":"SyncServerConnectionManagerRequest", "result":"SYNC_SERVER_OK", "context":{"environment":"Prod_SoutheastAsia_000j", "migrationStage":"NotStarted", "server":"general0100001A"}}
{"logTime": "0524/113735", "correlationVector":"cPXFuq2RpMvzUm7jDzp69B.2","action":"GetUpdates Response", "result":"SERVER_MORE_TO_DOWNLOAD", "context":Received 250 update(s).  Some updates remain.}
{"logTime": "0524/113735", "correlationVector":"5dWT0l6asbBUmZqfV99pLO","action":"Initial GetUpdates", "result":"", "context":Reason: NEWLY_SUPPORTED_DATATYPE. cV=5dWT0l6asbBUmZqfV99pLO}
{"logTime": "0524/113735", "correlationVector":"5dWT0l6asbBUmZqfV99pLO.1","action":"SyncServerConnectionManagerRequest", "result":"SYNC_SERVER_OK", "context":{"environment":"Prod_SoutheastAsia_000j", "migrationStage":"NotStarted", "server":"GENERAL0100001H"}}
{"logTime": "0524/113735", "correlationVector":"5dWT0l6asbBUmZqfV99pLO.2","action":"GetUpdates Response", "result":"SERVER_MORE_TO_DOWNLOAD", "context":Received 260 update(s).  Some updates remain.}
{"logTime": "0524/113735", "correlationVector":"VDP0n4a7QAN0ZZwSJevbqi","action":"Initial GetUpdates", "result":"", "context":Reason: NEWLY_SUPPORTED_DATATYPE. cV=VDP0n4a7QAN0ZZwSJevbqi}
{"logTime": "0524/113735", "correlationVector":"VDP0n4a7QAN0ZZwSJevbqi.1","action":"SyncServerConnectionManagerRequest", "result":"SYNC_SERVER_OK", "context":{"environment":"Prod_SoutheastAsia_000j", "migrationStage":"NotStarted", "server":"GENERAL0100000J"}}
{"logTime": "0524/113735", "correlationVector":"VDP0n4a7QAN0ZZwSJevbqi.2","action":"GetUpdates Response", "result":"SERVER_MORE_TO_DOWNLOAD", "context":Received 258 update(s).  Some updates remain.}
{"logTime": "0524/113735", "correlationVector":"hD2DfP7NHkVMMRmIl8+5bN","action":"Initial GetUpdates", "result":"", "context":Reason: NEWLY_SUPPORTED_DATATYPE. cV=hD2DfP7NHkVMMRmIl8+5bN}
{"logTime": "0524/113735", "correlationVector":"hD2DfP7NHkVMMRmIl8+5bN.1","action":"SyncServerConnectionManagerRequest", "result":"SYNC_SERVER_OK", "context":{"environment":"Prod_SoutheastAsia_000j", "migrationStage":"NotStarted", "server":"GENERAL0100000Q"}}
{"logTime": "0524/113735", "correlationVector":"hD2DfP7NHkVMMRmIl8+5bN.2","action":"GetUpdates Response", "result":"SERVER_MORE_TO_DOWNLOAD", "context":Received 257 update(s).  Some updates remain.}
{"logTime": "0524/113735", "correlationVector":"13e8aaAuiXjEqAKysA/UXY","action":"Initial GetUpdates", "result":"", "context":Reason: NEWLY_SUPPORTED_DATATYPE. cV=13e8aaAuiXjEqAKysA/UXY}
{"logTime": "0524/113735", "correlationVector":"13e8aaAuiXjEqAKysA/UXY.1","action":"SyncServerConnectionManagerRequest", "result":"SYNC_SERVER_OK", "context":{"environment":"Prod_SoutheastAsia_000j", "migrationStage":"NotStarted", "server":"GENERAL0100001J"}}
{"logTime": "0524/113735", "correlationVector":"13e8aaAuiXjEqAKysA/UXY.2","action":"GetUpdates Response", "result":"SERVER_MORE_TO_DOWNLOAD", "context":Received 253 update(s).  Some updates remain.}
{"logTime": "0524/113735", "correlationVector":"weWPHYiQO2Rpo20mny6hRC","action":"Initial GetUpdates", "result":"", "context":Reason: NEWLY_SUPPORTED_DATATYPE. cV=weWPHYiQO2Rpo20mny6hRC}
{"logTime": "0524/113735", "correlationVector":"weWPHYiQO2Rpo20mny6hRC.1","action":"SyncServerConnectionManagerRequest", "result":"SYNC_SERVER_OK", "context":{"environment":"Prod_SoutheastAsia_000j", "migrationStage":"NotStarted", "server":"GENERAL0100001C"}}
{"logTime": "0524/113735", "correlationVector":"weWPHYiQO2Rpo20mny6hRC.2","action":"GetUpdates Response", "result":"SERVER_MORE_TO_DOWNLOAD", "context":Received 254 update(s).  Some updates remain.}
{"logTime": "0524/113735", "correlationVector":"5cjLEM9tjRkZRundgLJz3u","action":"Initial GetUpdates", "result":"", "context":Reason: NEWLY_SUPPORTED_DATATYPE. cV=5cjLEM9tjRkZRundgLJz3u}
{"logTime": "0524/113735", "correlationVector":"5cjLEM9tjRkZRundgLJz3u.1","action":"SyncServerConnectionManagerRequest", "result":"SYNC_SERVER_OK", "context":{"environment":"Prod_SoutheastAsia_000j", "migrationStage":"NotStarted", "server":"GENERAL0100000J"}}
{"logTime": "0524/113735", "correlationVector":"5cjLEM9tjRkZRundgLJz3u.2","action":"GetUpdates Response", "result":"SERVER_MORE_TO_DOWNLOAD", "context":Received 254 update(s).  Some updates remain.}
{"logTime": "0524/113735", "correlationVector":"WgDYWIqvqR9co7qv2NQsPf","action":"Initial GetUpdates", "result":"", "context":Reason: NEWLY_SUPPORTED_DATATYPE. cV=WgDYWIqvqR9co7qv2NQsPf}
{"logTime": "0524/113735", "correlationVector":"WgDYWIqvqR9co7qv2NQsPf.1","action":"SyncServerConnectionManagerRequest", "result":"SYNC_SERVER_OK", "context":{"environment":"Prod_SoutheastAsia_000j", "migrationStage":"NotStarted", "server":"GENERAL01000000"}}
{"logTime": "0524/113735", "correlationVector":"WgDYWIqvqR9co7qv2NQsPf.2","action":"GetUpdates Response", "result":"SERVER_MORE_TO_DOWNLOAD", "context":Received 254 update(s).  Some updates remain.}
{"logTime": "0524/113735", "correlationVector":"Qv1RXyYqbaM8Hc0ZI6vGP9","action":"Initial GetUpdates", "result":"", "context":Reason: NEWLY_SUPPORTED_DATATYPE. cV=Qv1RXyYqbaM8Hc0ZI6vGP9}
{"logTime": "0524/113735", "correlationVector":"Qv1RXyYqbaM8Hc0ZI6vGP9.1","action":"SyncServerConnectionManagerRequest", "result":"SYNC_SERVER_OK", "context":{"environment":"Prod_SoutheastAsia_000j", "migrationStage":"NotStarted", "server":"GENERAL01000014"}}
{"logTime": "0524/113735", "correlationVector":"Qv1RXyYqbaM8Hc0ZI6vGP9.2","action":"GetUpdates Response", "result":"SERVER_MORE_TO_DOWNLOAD", "context":Received 252 update(s).  Some updates remain.}
{"logTime": "0524/113735", "correlationVector":"TOhmrJprRLIZpCS271NDu6","action":"Initial GetUpdates", "result":"", "context":Reason: NEWLY_SUPPORTED_DATATYPE. cV=TOhmrJprRLIZpCS271NDu6}
{"logTime": "0524/113735", "correlationVector":"TOhmrJprRLIZpCS271NDu6.1","action":"SyncServerConnectionManagerRequest", "result":"SYNC_SERVER_OK", "context":{"environment":"Prod_SoutheastAsia_000j", "migrationStage":"NotStarted", "server":"general0100000I"}}
{"logTime": "0524/113735", "correlationVector":"TOhmrJprRLIZpCS271NDu6.2","action":"GetUpdates Response", "result":"SERVER_MORE_TO_DOWNLOAD", "context":Received 261 update(s).  Some updates remain.}
{"logTime": "0524/113735", "correlationVector":"8xxSRHfYmw/XlZj0dhWUJa","action":"Initial GetUpdates", "result":"", "context":Reason: NEWLY_SUPPORTED_DATATYPE. cV=8xxSRHfYmw/XlZj0dhWUJa}
{"logTime": "0524/113735", "correlationVector":"8xxSRHfYmw/XlZj0dhWUJa.1","action":"SyncServerConnectionManagerRequest", "result":"SYNC_SERVER_OK", "context":{"environment":"Prod_SoutheastAsia_000j", "migrationStage":"NotStarted", "server":"GENERAL0100000Q"}}
{"logTime": "0524/113735", "correlationVector":"8xxSRHfYmw/XlZj0dhWUJa.2","action":"GetUpdates Response", "result":"SERVER_MORE_TO_DOWNLOAD", "context":Received 267 update(s).  Some updates remain.}
{"logTime": "0524/113735", "correlationVector":"/wXPJp/EAURe8wQW9R/vtD","action":"Initial GetUpdates", "result":"", "context":Reason: NEWLY_SUPPORTED_DATATYPE. cV=/wXPJp/EAURe8wQW9R/vtD}
{"logTime": "0524/113735", "correlationVector":"/wXPJp/EAURe8wQW9R/vtD.1","action":"SyncServerConnectionManagerRequest", "result":"SYNC_SERVER_OK", "context":{"environment":"Prod_SoutheastAsia_000j", "migrationStage":"NotStarted", "server":"GENERAL01000006"}}
{"logTime": "0524/113735", "correlationVector":"/wXPJp/EAURe8wQW9R/vtD.2","action":"GetUpdates Response", "result":"SERVER_MORE_TO_DOWNLOAD", "context":Received 267 update(s).  Some updates remain.}
{"logTime": "0524/113735", "correlationVector":"VBdxtyEAlfMtrm/U5/lMm8","action":"Initial GetUpdates", "result":"", "context":Reason: NEWLY_SUPPORTED_DATATYPE. cV=VBdxtyEAlfMtrm/U5/lMm8}
{"logTime": "0524/113735", "correlationVector":"VBdxtyEAlfMtrm/U5/lMm8.1","action":"SyncServerConnectionManagerRequest", "result":"SYNC_SERVER_OK", "context":{"environment":"Prod_SoutheastAsia_000j", "migrationStage":"NotStarted", "server":"GENERAL0100000O"}}
{"logTime": "0524/113735", "correlationVector":"VBdxtyEAlfMtrm/U5/lMm8.2","action":"GetUpdates Response", "result":"SERVER_MORE_TO_DOWNLOAD", "context":Received 252 update(s).  Some updates remain.}
{"logTime": "0524/113735", "correlationVector":"NCOH8WDIiiw9m9M7WeOQ3H","action":"Initial GetUpdates", "result":"", "context":Reason: NEWLY_SUPPORTED_DATATYPE. cV=NCOH8WDIiiw9m9M7WeOQ3H}
{"logTime": "0524/113735", "correlationVector":"NCOH8WDIiiw9m9M7WeOQ3H.1","action":"SyncServerConnectionManagerRequest", "result":"SYNC_SERVER_OK", "context":{"environment":"Prod_SoutheastAsia_000j", "migrationStage":"NotStarted", "server":"GENERAL0100000S"}}
{"logTime": "0524/113735", "correlationVector":"NCOH8WDIiiw9m9M7WeOQ3H.2","action":"GetUpdates Response", "result":"SERVER_MORE_TO_DOWNLOAD", "context":Received 250 update(s).  Some updates remain.}
{"logTime": "0524/113735", "correlationVector":"aoJkjAIZb66t6W+Raot7y8","action":"Initial GetUpdates", "result":"", "context":Reason: NEWLY_SUPPORTED_DATATYPE. cV=aoJkjAIZb66t6W+Raot7y8}
{"logTime": "0524/113735", "correlationVector":"aoJkjAIZb66t6W+Raot7y8.1","action":"SyncServerConnectionManagerRequest", "result":"SYNC_SERVER_OK", "context":{"environment":"Prod_SoutheastAsia_000j", "migrationStage":"NotStarted", "server":"GENERAL0100000R"}}
{"logTime": "0524/113735", "correlationVector":"aoJkjAIZb66t6W+Raot7y8.2","action":"GetUpdates Response", "result":"SERVER_MORE_TO_DOWNLOAD", "context":Received 250 update(s).  Some updates remain.}
{"logTime": "0524/113735", "correlationVector":"q7uQyK1cHEIjvVuS4JCmAY","action":"Initial GetUpdates", "result":"", "context":Reason: NEWLY_SUPPORTED_DATATYPE. cV=q7uQyK1cHEIjvVuS4JCmAY}
{"logTime": "0524/113735", "correlationVector":"q7uQyK1cHEIjvVuS4JCmAY.1","action":"SyncServerConnectionManagerRequest", "result":"SYNC_SERVER_OK", "context":{"environment":"Prod_SoutheastAsia_000j", "migrationStage":"NotStarted", "server":"general0100001F"}}
{"logTime": "0524/113735", "correlationVector":"q7uQyK1cHEIjvVuS4JCmAY.2","action":"GetUpdates Response", "result":"SERVER_MORE_TO_DOWNLOAD", "context":Received 257 update(s).  Some updates remain.}
{"logTime": "0524/113735", "correlationVector":"LblhEVHFRwNS33oqxEdPGE","action":"Initial GetUpdates", "result":"", "context":Reason: NEWLY_SUPPORTED_DATATYPE. cV=LblhEVHFRwNS33oqxEdPGE}
{"logTime": "0524/113735", "correlationVector":"LblhEVHFRwNS33oqxEdPGE.1","action":"SyncServerConnectionManagerRequest", "result":"SYNC_SERVER_OK", "context":{"environment":"Prod_SoutheastAsia_000j", "migrationStage":"NotStarted", "server":"GENERAL0100001D"}}
{"logTime": "0524/113735", "correlationVector":"LblhEVHFRwNS33oqxEdPGE.2","action":"GetUpdates Response", "result":"SERVER_MORE_TO_DOWNLOAD", "context":Received 250 update(s).  Some updates remain.}
{"logTime": "0524/113735", "correlationVector":"RmiheurXqVwjPE8DhR9vSP","action":"Initial GetUpdates", "result":"", "context":Reason: NEWLY_SUPPORTED_DATATYPE. cV=RmiheurXqVwjPE8DhR9vSP}
{"logTime": "0524/113736", "correlationVector":"RmiheurXqVwjPE8DhR9vSP.1","action":"SyncServerConnectionManagerRequest", "result":"SYNC_SERVER_OK", "context":{"environment":"Prod_SoutheastAsia_000j", "migrationStage":"NotStarted", "server":"GENERAL0100001J"}}
{"logTime": "0524/113736", "correlationVector":"RmiheurXqVwjPE8DhR9vSP.2","action":"GetUpdates Response", "result":"SERVER_MORE_TO_DOWNLOAD", "context":Received 262 update(s).  Some updates remain.}
{"logTime": "0524/113736", "correlationVector":"3aVMlUDuR8RNSYQ4fRmUSx","action":"Initial GetUpdates", "result":"", "context":Reason: NEWLY_SUPPORTED_DATATYPE. cV=3aVMlUDuR8RNSYQ4fRmUSx}
{"logTime": "0524/113736", "correlationVector":"3aVMlUDuR8RNSYQ4fRmUSx.1","action":"SyncServerConnectionManagerRequest", "result":"SYNC_SERVER_OK", "context":{"environment":"Prod_SoutheastAsia_000j", "migrationStage":"NotStarted", "server":"GENERAL0100000W"}}
{"logTime": "0524/113736", "correlationVector":"3aVMlUDuR8RNSYQ4fRmUSx.2","action":"GetUpdates Response", "result":"SERVER_MORE_TO_DOWNLOAD", "context":Received 254 update(s).  Some updates remain.}
{"logTime": "0524/113736", "correlationVector":"V+0cunY3AC0epgwBOHHGRg","action":"Initial GetUpdates", "result":"", "context":Reason: NEWLY_SUPPORTED_DATATYPE. cV=V+0cunY3AC0epgwBOHHGRg}
{"logTime": "0524/113736", "correlationVector":"V+0cunY3AC0epgwBOHHGRg.1","action":"SyncServerConnectionManagerRequest", "result":"SYNC_SERVER_OK", "context":{"environment":"Prod_SoutheastAsia_000j", "migrationStage":"NotStarted", "server":"GENERAL01000006"}}
{"logTime": "0524/113736", "correlationVector":"V+0cunY3AC0epgwBOHHGRg.2","action":"GetUpdates Response", "result":"SERVER_MORE_TO_DOWNLOAD", "context":Received 259 update(s).  Some updates remain.}
{"logTime": "0524/113736", "correlationVector":"MAV1Z68oeMcvqTA3PTFAvG","action":"Initial GetUpdates", "result":"", "context":Reason: NEWLY_SUPPORTED_DATATYPE. cV=MAV1Z68oeMcvqTA3PTFAvG}
{"logTime": "0524/113736", "correlationVector":"MAV1Z68oeMcvqTA3PTFAvG.1","action":"SyncServerConnectionManagerRequest", "result":"SYNC_SERVER_OK", "context":{"environment":"Prod_SoutheastAsia_000j", "migrationStage":"NotStarted", "server":"GENERAL0100000A"}}
{"logTime": "0524/113736", "correlationVector":"MAV1Z68oeMcvqTA3PTFAvG.2","action":"GetUpdates Response", "result":"SERVER_MORE_TO_DOWNLOAD", "context":Received 268 update(s).  Some updates remain.}
{"logTime": "0524/113736", "correlationVector":"2NGgEltkornoM+GBMsFlej","action":"Initial GetUpdates", "result":"", "context":Reason: NEWLY_SUPPORTED_DATATYPE. cV=2NGgEltkornoM+GBMsFlej}
{"logTime": "0524/113736", "correlationVector":"2NGgEltkornoM+GBMsFlej.1","action":"SyncServerConnectionManagerRequest", "result":"SYNC_SERVER_OK", "context":{"environment":"Prod_SoutheastAsia_000j", "migrationStage":"NotStarted", "server":"GENERAL0100000W"}}
{"logTime": "0524/113736", "correlationVector":"2NGgEltkornoM+GBMsFlej.2","action":"GetUpdates Response", "result":"SERVER_MORE_TO_DOWNLOAD", "context":Received 254 update(s).  Some updates remain.}
{"logTime": "0524/113736", "correlationVector":"y56GU/A0XleJSkGqmYH/w9","action":"Initial GetUpdates", "result":"", "context":Reason: NEWLY_SUPPORTED_DATATYPE. cV=y56GU/A0XleJSkGqmYH/w9}
{"logTime": "0524/113736", "correlationVector":"y56GU/A0XleJSkGqmYH/w9.1","action":"SyncServerConnectionManagerRequest", "result":"SYNC_SERVER_OK", "context":{"environment":"Prod_SoutheastAsia_000j", "migrationStage":"NotStarted", "server":"GENERAL01000003"}}
{"logTime": "0524/113736", "correlationVector":"y56GU/A0XleJSkGqmYH/w9.2","action":"GetUpdates Response", "result":"SERVER_MORE_TO_DOWNLOAD", "context":Received 261 update(s).  Some updates remain.}
{"logTime": "0524/113736", "correlationVector":"SosAY7Wv+4dfSENoLshTyZ","action":"Initial GetUpdates", "result":"", "context":Reason: NEWLY_SUPPORTED_DATATYPE. cV=SosAY7Wv+4dfSENoLshTyZ}
{"logTime": "0524/113736", "correlationVector":"SosAY7Wv+4dfSENoLshTyZ.1","action":"SyncServerConnectionManagerRequest", "result":"SYNC_SERVER_OK", "context":{"environment":"Prod_SoutheastAsia_000j", "migrationStage":"NotStarted", "server":"GENERAL0100000U"}}
{"logTime": "0524/113736", "correlationVector":"SosAY7Wv+4dfSENoLshTyZ.2","action":"GetUpdates Response", "result":"SERVER_MORE_TO_DOWNLOAD", "context":Received 263 update(s).  Some updates remain.}
{"logTime": "0524/113736", "correlationVector":"dE6b60PkzL9Otpng5KhZ7f","action":"Initial GetUpdates", "result":"", "context":Reason: NEWLY_SUPPORTED_DATATYPE. cV=dE6b60PkzL9Otpng5KhZ7f}
{"logTime": "0524/113736", "correlationVector":"dE6b60PkzL9Otpng5KhZ7f.1","action":"SyncServerConnectionManagerRequest", "result":"SYNC_SERVER_OK", "context":{"environment":"Prod_SoutheastAsia_000j", "migrationStage":"NotStarted", "server":"GENERAL01000005"}}
{"logTime": "0524/113736", "correlationVector":"dE6b60PkzL9Otpng5KhZ7f.2","action":"GetUpdates Response", "result":"SERVER_MORE_TO_DOWNLOAD", "context":Received 261 update(s).  Some updates remain.}
{"logTime": "0524/113736", "correlationVector":"BQLjDf36fZGew/l6norhzd","action":"Initial GetUpdates", "result":"", "context":Reason: NEWLY_SUPPORTED_DATATYPE. cV=BQLjDf36fZGew/l6norhzd}
{"logTime": "0524/113736", "correlationVector":"BQLjDf36fZGew/l6norhzd.1","action":"SyncServerConnectionManagerRequest", "result":"SYNC_SERVER_OK", "context":{"environment":"Prod_SoutheastAsia_000j", "migrationStage":"NotStarted", "server":"GENERAL0100000P"}}
{"logTime": "0524/113736", "correlationVector":"BQLjDf36fZGew/l6norhzd.2","action":"GetUpdates Response", "result":"SERVER_MORE_TO_DOWNLOAD", "context":Received 250 update(s).  Some updates remain.}
{"logTime": "0524/113736", "correlationVector":"mUYuvuZIr77BtIGt+H2SUI","action":"Initial GetUpdates", "result":"", "context":Reason: NEWLY_SUPPORTED_DATATYPE. cV=mUYuvuZIr77BtIGt+H2SUI}
{"logTime": "0524/113736", "correlationVector":"mUYuvuZIr77BtIGt+H2SUI.1","action":"SyncServerConnectionManagerRequest", "result":"SYNC_SERVER_OK", "context":{"environment":"Prod_SoutheastAsia_000j", "migrationStage":"NotStarted", "server":"GENERAL01000007"}}
{"logTime": "0524/113736", "correlationVector":"mUYuvuZIr77BtIGt+H2SUI.2","action":"GetUpdates Response", "result":"SERVER_MORE_TO_DOWNLOAD", "context":Received 258 update(s).  Some updates remain.}
{"logTime": "0524/113736", "correlationVector":"9gHjrz7JdPO6G8eRAvxilN","action":"Initial GetUpdates", "result":"", "context":Reason: NEWLY_SUPPORTED_DATATYPE. cV=9gHjrz7JdPO6G8eRAvxilN}
{"logTime": "0524/113736", "correlationVector":"9gHjrz7JdPO6G8eRAvxilN.1","action":"SyncServerConnectionManagerRequest", "result":"SYNC_SERVER_OK", "context":{"environment":"Prod_SoutheastAsia_000j", "migrationStage":"NotStarted", "server":"general0100001A"}}
{"logTime": "0524/113736", "correlationVector":"9gHjrz7JdPO6G8eRAvxilN.2","action":"GetUpdates Response", "result":"SERVER_MORE_TO_DOWNLOAD", "context":Received 265 update(s).  Some updates remain.}
{"logTime": "0524/113736", "correlationVector":"JJ/uap202N0IjER8xLASKi","action":"Initial GetUpdates", "result":"", "context":Reason: NEWLY_SUPPORTED_DATATYPE. cV=JJ/uap202N0IjER8xLASKi}
{"logTime": "0524/113736", "correlationVector":"JJ/uap202N0IjER8xLASKi.1","action":"SyncServerConnectionManagerRequest", "result":"SYNC_SERVER_OK", "context":{"environment":"Prod_SoutheastAsia_000j", "migrationStage":"NotStarted", "server":"GENERAL01000007"}}
{"logTime": "0524/113736", "correlationVector":"JJ/uap202N0IjER8xLASKi.2","action":"GetUpdates Response", "result":"SERVER_MORE_TO_DOWNLOAD", "context":Received 260 update(s).  Some updates remain.}
{"logTime": "0524/113736", "correlationVector":"u5cAZV9oMPDWN/e51SF+vb","action":"Initial GetUpdates", "result":"", "context":Reason: NEWLY_SUPPORTED_DATATYPE. cV=u5cAZV9oMPDWN/e51SF+vb}
{"logTime": "0524/113736", "correlationVector":"u5cAZV9oMPDWN/e51SF+vb.1","action":"SyncServerConnectionManagerRequest", "result":"SYNC_SERVER_OK", "context":{"environment":"Prod_SoutheastAsia_000j", "migrationStage":"NotStarted", "server":"GENERAL0100000A"}}
{"logTime": "0524/113736", "correlationVector":"u5cAZV9oMPDWN/e51SF+vb.2","action":"GetUpdates Response", "result":"SERVER_MORE_TO_DOWNLOAD", "context":Received 258 update(s).  Some updates remain.}
{"logTime": "0524/113736", "correlationVector":"7KAB6rR4gNIE3bMkFYujo9","action":"Initial GetUpdates", "result":"", "context":Reason: NEWLY_SUPPORTED_DATATYPE. cV=7KAB6rR4gNIE3bMkFYujo9}
{"logTime": "0524/113736", "correlationVector":"7KAB6rR4gNIE3bMkFYujo9.1","action":"SyncServerConnectionManagerRequest", "result":"SYNC_SERVER_OK", "context":{"environment":"Prod_SoutheastAsia_000j", "migrationStage":"NotStarted", "server":"general0100001F"}}
{"logTime": "0524/113736", "correlationVector":"7KAB6rR4gNIE3bMkFYujo9.2","action":"GetUpdates Response", "result":"SERVER_MORE_TO_DOWNLOAD", "context":Received 265 update(s).  Some updates remain.}
{"logTime": "0524/113736", "correlationVector":"vWFWaZ2WECqRhqzIMaTq1Q","action":"Initial GetUpdates", "result":"", "context":Reason: NEWLY_SUPPORTED_DATATYPE. cV=vWFWaZ2WECqRhqzIMaTq1Q}
{"logTime": "0524/113736", "correlationVector":"vWFWaZ2WECqRhqzIMaTq1Q.1","action":"SyncServerConnectionManagerRequest", "result":"SYNC_SERVER_OK", "context":{"environment":"Prod_SoutheastAsia_000j", "migrationStage":"NotStarted", "server":"general0100001F"}}
{"logTime": "0524/113736", "correlationVector":"vWFWaZ2WECqRhqzIMaTq1Q.2","action":"GetUpdates Response", "result":"SERVER_MORE_TO_DOWNLOAD", "context":Received 250 update(s).  Some updates remain.}
{"logTime": "0524/113736", "correlationVector":"4APf1XtFMrHXqxn1yU+SLm","action":"Initial GetUpdates", "result":"", "context":Reason: NEWLY_SUPPORTED_DATATYPE. cV=4APf1XtFMrHXqxn1yU+SLm}
{"logTime": "0524/113737", "correlationVector":"4APf1XtFMrHXqxn1yU+SLm.1","action":"SyncServerConnectionManagerRequest", "result":"SYNC_SERVER_OK", "context":{"environment":"Prod_SoutheastAsia_000j", "migrationStage":"NotStarted", "server":"GENERAL01000008"}}
{"logTime": "0524/113737", "correlationVector":"4APf1XtFMrHXqxn1yU+SLm.2","action":"GetUpdates Response", "result":"SERVER_MORE_TO_DOWNLOAD", "context":Received 261 update(s).  Some updates remain.}
{"logTime": "0524/113737", "correlationVector":"7ZGprz2Bt9y43AYx2FC/a4","action":"Initial GetUpdates", "result":"", "context":Reason: NEWLY_SUPPORTED_DATATYPE. cV=7ZGprz2Bt9y43AYx2FC/a4}
{"logTime": "0524/113738", "correlationVector":"7ZGprz2Bt9y43AYx2FC/a4.1","action":"SyncServerConnectionManagerRequest", "result":"SYNC_SERVER_OK", "context":{"environment":"Prod_SoutheastAsia_000j", "migrationStage":"NotStarted", "server":"GENERAL0100001E"}}
{"logTime": "0524/113738", "correlationVector":"7ZGprz2Bt9y43AYx2FC/a4.2","action":"GetUpdates Response", "result":"SERVER_MORE_TO_DOWNLOAD", "context":Received 264 update(s).  Some updates remain.}
{"logTime": "0524/113738", "correlationVector":"h3wrC94EFGEomQBgceCbtR","action":"Initial GetUpdates", "result":"", "context":Reason: NEWLY_SUPPORTED_DATATYPE. cV=h3wrC94EFGEomQBgceCbtR}
{"logTime": "0524/113739", "correlationVector":"h3wrC94EFGEomQBgceCbtR.1","action":"SyncServerConnectionManagerRequest", "result":"SYNC_SERVER_OK", "context":{"environment":"Prod_SoutheastAsia_000j", "migrationStage":"NotStarted", "server":"GENERAL01000018"}}
{"logTime": "0524/113739", "correlationVector":"h3wrC94EFGEomQBgceCbtR.2","action":"GetUpdates Response", "result":"SERVER_MORE_TO_DOWNLOAD", "context":Received 254 update(s).  Some updates remain.}
{"logTime": "0524/113739", "correlationVector":"n5D1yQOOUSyzK6XFNZIva+","action":"Initial GetUpdates", "result":"", "context":Reason: NEWLY_SUPPORTED_DATATYPE. cV=n5D1yQOOUSyzK6XFNZIva+}
{"logTime": "0524/113740", "correlationVector":"n5D1yQOOUSyzK6XFNZIva+.1","action":"SyncServerConnectionManagerRequest", "result":"SYNC_SERVER_OK", "context":{"environment":"Prod_SoutheastAsia_000j", "migrationStage":"NotStarted", "server":"GENERAL0100000R"}}
{"logTime": "0524/113740", "correlationVector":"n5D1yQOOUSyzK6XFNZIva+.2","action":"GetUpdates Response", "result":"SERVER_MORE_TO_DOWNLOAD", "context":Received 250 update(s).  Some updates remain.}
{"logTime": "0524/113740", "correlationVector":"4p72aWJ37vxGGKJTASSNwk","action":"Initial GetUpdates", "result":"", "context":Reason: NEWLY_SUPPORTED_DATATYPE. cV=4p72aWJ37vxGGKJTASSNwk}
{"logTime": "0524/113741", "correlationVector":"4p72aWJ37vxGGKJTASSNwk.1","action":"SyncServerConnectionManagerRequest", "result":"SYNC_SERVER_OK", "context":{"environment":"Prod_SoutheastAsia_000j", "migrationStage":"NotStarted", "server":"GENERAL0100000N"}}
{"logTime": "0524/113741", "correlationVector":"4p72aWJ37vxGGKJTASSNwk.2","action":"GetUpdates Response", "result":"SERVER_MORE_TO_DOWNLOAD", "context":Received 250 update(s).  Some updates remain.}
{"logTime": "0524/113741", "correlationVector":"EFPf088xmENu5jtZnO3NMG","action":"Initial GetUpdates", "result":"", "context":Reason: NEWLY_SUPPORTED_DATATYPE. cV=EFPf088xmENu5jtZnO3NMG}
{"logTime": "0524/113742", "correlationVector":"EFPf088xmENu5jtZnO3NMG.1","action":"SyncServerConnectionManagerRequest", "result":"SYNC_SERVER_OK", "context":{"environment":"Prod_SoutheastAsia_000j", "migrationStage":"NotStarted", "server":"GENERAL0100000J"}}
{"logTime": "0524/113742", "correlationVector":"EFPf088xmENu5jtZnO3NMG.2","action":"GetUpdates Response", "result":"SERVER_MORE_TO_DOWNLOAD", "context":Received 250 update(s).  Some updates remain.}
{"logTime": "0524/113742", "correlationVector":"zx9Kv8d4GBUm0VYxWVtHoR","action":"Initial GetUpdates", "result":"", "context":Reason: NEWLY_SUPPORTED_DATATYPE. cV=zx9Kv8d4GBUm0VYxWVtHoR}
{"logTime": "0524/113743", "correlationVector":"zx9Kv8d4GBUm0VYxWVtHoR.1","action":"SyncServerConnectionManagerRequest", "result":"SYNC_SERVER_OK", "context":{"environment":"Prod_SoutheastAsia_000j", "migrationStage":"NotStarted", "server":"general01000013"}}
{"logTime": "0524/113743", "correlationVector":"zx9Kv8d4GBUm0VYxWVtHoR.2","action":"GetUpdates Response", "result":"SERVER_MORE_TO_DOWNLOAD", "context":Received 250 update(s).  Some updates remain.}
{"logTime": "0524/113743", "correlationVector":"Lv2dwecQOizIaBlS2tDsiY","action":"Initial GetUpdates", "result":"", "context":Reason: NEWLY_SUPPORTED_DATATYPE. cV=Lv2dwecQOizIaBlS2tDsiY}
{"logTime": "0524/113744", "correlationVector":"Lv2dwecQOizIaBlS2tDsiY.1","action":"SyncServerConnectionManagerRequest", "result":"SYNC_SERVER_OK", "context":{"environment":"Prod_SoutheastAsia_000j", "migrationStage":"NotStarted", "server":"GENERAL0100001I"}}
{"logTime": "0524/113744", "correlationVector":"Lv2dwecQOizIaBlS2tDsiY.2","action":"GetUpdates Response", "result":"SERVER_MORE_TO_DOWNLOAD", "context":Received 250 update(s).  Some updates remain.}
{"logTime": "0524/113744", "correlationVector":"Husvy7qPYfWQIbFxhzqjdB","action":"Initial GetUpdates", "result":"", "context":Reason: NEWLY_SUPPORTED_DATATYPE. cV=Husvy7qPYfWQIbFxhzqjdB}
{"logTime": "0524/113745", "correlationVector":"Husvy7qPYfWQIbFxhzqjdB.1","action":"SyncServerConnectionManagerRequest", "result":"SYNC_SERVER_OK", "context":{"environment":"Prod_SoutheastAsia_000j", "migrationStage":"NotStarted", "server":"GENERAL01000003"}}
{"logTime": "0524/113745", "correlationVector":"Husvy7qPYfWQIbFxhzqjdB.2","action":"GetUpdates Response", "result":"SERVER_MORE_TO_DOWNLOAD", "context":Received 250 update(s).  Some updates remain.}
{"logTime": "0524/113746", "correlationVector":"lOyZoDgpl7PqvVAcV6hXuX","action":"Initial GetUpdates", "result":"", "context":Reason: NEWLY_SUPPORTED_DATATYPE. cV=lOyZoDgpl7PqvVAcV6hXuX}
{"logTime": "0524/113747", "correlationVector":"lOyZoDgpl7PqvVAcV6hXuX.1","action":"SyncServerConnectionManagerRequest", "result":"SYNC_SERVER_OK", "context":{"environment":"Prod_SoutheastAsia_000j", "migrationStage":"NotStarted", "server":"GENERAL0100001I"}}
{"logTime": "0524/113747", "correlationVector":"lOyZoDgpl7PqvVAcV6hXuX.2","action":"GetUpdates Response", "result":"SERVER_MORE_TO_DOWNLOAD", "context":Received 250 update(s).  Some updates remain.}
{"logTime": "0524/113747", "correlationVector":"wDkLiG/LGbrWEktIoVhGFM","action":"Initial GetUpdates", "result":"", "context":Reason: NEWLY_SUPPORTED_DATATYPE. cV=wDkLiG/LGbrWEktIoVhGFM}
{"logTime": "0524/113748", "correlationVector":"wDkLiG/LGbrWEktIoVhGFM.1","action":"SyncServerConnectionManagerRequest", "result":"SYNC_SERVER_OK", "context":{"environment":"Prod_SoutheastAsia_000j", "migrationStage":"NotStarted", "server":"GENERAL01000006"}}
{"logTime": "0524/113748", "correlationVector":"wDkLiG/LGbrWEktIoVhGFM.2","action":"GetUpdates Response", "result":"SERVER_MORE_TO_DOWNLOAD", "context":Received 250 update(s).  Some updates remain.}
{"logTime": "0524/113748", "correlationVector":"mqh8xjvRimQwYaXzdRhYSP","action":"Initial GetUpdates", "result":"", "context":Reason: NEWLY_SUPPORTED_DATATYPE. cV=mqh8xjvRimQwYaXzdRhYSP}
{"logTime": "0524/113749", "correlationVector":"mqh8xjvRimQwYaXzdRhYSP.1","action":"SyncServerConnectionManagerRequest", "result":"SYNC_SERVER_OK", "context":{"environment":"Prod_SoutheastAsia_000j", "migrationStage":"NotStarted", "server":"GENERAL0100001B"}}
{"logTime": "0524/113749", "correlationVector":"mqh8xjvRimQwYaXzdRhYSP.2","action":"GetUpdates Response", "result":"SERVER_MORE_TO_DOWNLOAD", "context":Received 250 update(s).  Some updates remain.}
{"logTime": "0524/113749", "correlationVector":"vIRwlKogtYi8OQ+/Bvg49S","action":"Initial GetUpdates", "result":"", "context":Reason: NEWLY_SUPPORTED_DATATYPE. cV=vIRwlKogtYi8OQ+/Bvg49S}
{"logTime": "0524/113750", "correlationVector":"vIRwlKogtYi8OQ+/Bvg49S.1","action":"SyncServerConnectionManagerRequest", "result":"SYNC_SERVER_OK", "context":{"environment":"Prod_SoutheastAsia_000j", "migrationStage":"NotStarted", "server":"GENERAL0100000O"}}
{"logTime": "0524/113750", "correlationVector":"vIRwlKogtYi8OQ+/Bvg49S.2","action":"GetUpdates Response", "result":"SERVER_MORE_TO_DOWNLOAD", "context":Received 250 update(s).  Some updates remain.}
{"logTime": "0524/113750", "correlationVector":"aFjGhFOGIGm2iHFljSP8ZU","action":"Initial GetUpdates", "result":"", "context":Reason: NEWLY_SUPPORTED_DATATYPE. cV=aFjGhFOGIGm2iHFljSP8ZU}
{"logTime": "0524/113751", "correlationVector":"aFjGhFOGIGm2iHFljSP8ZU.1","action":"SyncServerConnectionManagerRequest", "result":"SYNC_SERVER_OK", "context":{"environment":"Prod_SoutheastAsia_000j", "migrationStage":"NotStarted", "server":"GENERAL0100000X"}}
{"logTime": "0524/113751", "correlationVector":"aFjGhFOGIGm2iHFljSP8ZU.2","action":"GetUpdates Response", "result":"SERVER_MORE_TO_DOWNLOAD", "context":Received 250 update(s).  Some updates remain.}
{"logTime": "0524/113751", "correlationVector":"wt0ubWS+uPtfrs0YzzSZ/m","action":"Initial GetUpdates", "result":"", "context":Reason: NEWLY_SUPPORTED_DATATYPE. cV=wt0ubWS+uPtfrs0YzzSZ/m}
{"logTime": "0524/113752", "correlationVector":"wt0ubWS+uPtfrs0YzzSZ/m.1","action":"SyncServerConnectionManagerRequest", "result":"SYNC_SERVER_OK", "context":{"environment":"Prod_SoutheastAsia_000j", "migrationStage":"NotStarted", "server":"GENERAL01000019"}}
{"logTime": "0524/113752", "correlationVector":"wt0ubWS+uPtfrs0YzzSZ/m.2","action":"GetUpdates Response", "result":"SERVER_MORE_TO_DOWNLOAD", "context":Received 250 update(s).  Some updates remain.}
{"logTime": "0524/113752", "correlationVector":"ZhQCLlXM4pUmXlqT6BrelO","action":"Initial GetUpdates", "result":"", "context":Reason: NEWLY_SUPPORTED_DATATYPE. cV=ZhQCLlXM4pUmXlqT6BrelO}
{"logTime": "0524/113753", "correlationVector":"ZhQCLlXM4pUmXlqT6BrelO.1","action":"SyncServerConnectionManagerRequest", "result":"SYNC_SERVER_OK", "context":{"environment":"Prod_SoutheastAsia_000j", "migrationStage":"NotStarted", "server":"GENERAL0100001C"}}
{"logTime": "0524/113753", "correlationVector":"ZhQCLlXM4pUmXlqT6BrelO.2","action":"GetUpdates Response", "result":"SERVER_MORE_TO_DOWNLOAD", "context":Received 250 update(s).  Some updates remain.}
{"logTime": "0524/113753", "correlationVector":"qCEMQPFTsBxbMc0h/gjn0R","action":"Initial GetUpdates", "result":"", "context":Reason: NEWLY_SUPPORTED_DATATYPE. cV=qCEMQPFTsBxbMc0h/gjn0R}
{"logTime": "0524/113755", "correlationVector":"qCEMQPFTsBxbMc0h/gjn0R.1","action":"SyncServerConnectionManagerRequest", "result":"SYNC_SERVER_OK", "context":{"environment":"Prod_SoutheastAsia_000j", "migrationStage":"NotStarted", "server":"GENERAL01000014"}}
{"logTime": "0524/113755", "correlationVector":"qCEMQPFTsBxbMc0h/gjn0R.2","action":"GetUpdates", "result":"DeleteReceived", "context":{"id":"38989e79-f760-4a0f-b15f-abda6ed5633a", "isDeleted:":"true", "version":"1682950166158"}}
{"logTime": "0524/113755", "correlationVector":"qCEMQPFTsBxbMc0h/gjn0R.3","action":"GetUpdates", "result":"DeleteReceived", "context":{"id":"0b54ddb5-ae3b-408e-8db8-eb9893f42ff2", "isDeleted:":"true", "version":"1682950167592"}}
{"logTime": "0524/113755", "correlationVector":"qCEMQPFTsBxbMc0h/gjn0R.4","action":"GetUpdates", "result":"DeleteReceived", "context":{"id":"7ecab713-7358-4c92-b72d-1195d9660829", "isDeleted:":"true", "version":"1683110565759"}}
{"logTime": "0524/113755", "correlationVector":"qCEMQPFTsBxbMc0h/gjn0R.5","action":"GetUpdates Response", "result":"SERVER_MORE_TO_DOWNLOAD", "context":Received 249 update(s).  Some updates remain.}
{"logTime": "0524/113755", "correlationVector":"ylbRvVL6rE9wgIFu3X3Ssm","action":"Initial GetUpdates", "result":"", "context":Reason: NEWLY_SUPPORTED_DATATYPE. cV=ylbRvVL6rE9wgIFu3X3Ssm}
{"logTime": "0524/113755", "correlationVector":"ylbRvVL6rE9wgIFu3X3Ssm.1","action":"SyncServerConnectionManagerRequest", "result":"SYNC_SERVER_OK", "context":{"environment":"Prod_SoutheastAsia_000j", "migrationStage":"NotStarted", "server":"general01000009"}}
{"logTime": "0524/113755", "correlationVector":"ylbRvVL6rE9wgIFu3X3Ssm.2","action":"GetUpdates Response", "result":"SYNCER_OK", "context":Received 134 update(s). cV=ylbRvVL6rE9wgIFu3X3Ssm.0;server=general01000009;cloudType=Consumer;environment=Prod_SoutheastAsia_000j;migrationStage=NotStarted}
{"logTime": "0524/113756", "correlationVector":"25Rskp+rtmlTl3V/uDPxXr","action":"Normal GetUpdate request", "result":"", "context":cV=25Rskp+rtmlTl3V/uDPxXr
Nudged types: Bookmarks, Preferences, Device Info, User Consents
Refresh requested types: Bookmarks, Preferences, Passwords, Autofill Profiles, Autofill, Autofill Custom Data, Extensions, Extension settings, Device Info, User Consents, Send Tab To Self, Web Apps, Collection, Edge E Drop, Encryption Keys}
{"logTime": "0524/113756", "correlationVector":"25Rskp+rtmlTl3V/uDPxXr.1","action":"SyncServerConnectionManagerRequest", "result":"SYNC_SERVER_OK", "context":{"environment":"Prod_SoutheastAsia_000j", "migrationStage":"NotStarted", "server":"GENERAL0100001C"}}
{"logTime": "0524/113756", "correlationVector":"25Rskp+rtmlTl3V/uDPxXr.2","action":"GetUpdates Response", "result":"SYNCER_OK", "context":Received 0 update(s). cV=25Rskp+rtmlTl3V/uDPxXr.0;server=GENERAL0100001C;cloudType=Consumer;environment=Prod_SoutheastAsia_000j;migrationStage=NotStarted}
{"logTime": "0524/113756", "correlationVector":"Gov64yVQqpNcoVeCydqflt","action":"Commit Request", "result":"", "context":Item count: 1
Contributing types: Device Info}
{"logTime": "0524/113757", "correlationVector":"Gov64yVQqpNcoVeCydqflt.1","action":"SyncServerConnectionManagerRequest", "result":"SYNC_SERVER_OK", "context":{"environment":"Prod_SoutheastAsia_000j", "migrationStage":"NotStarted", "server":"GENERAL0100001C"}}
{"logTime": "0524/113757", "correlationVector":"Gov64yVQqpNcoVeCydqflt.2","action":"Commit Response", "result":"SYNCER_OK", "context":Result: SYNCER_OK. cV=Gov64yVQqpNcoVeCydqflt.0;server=GENERAL0100001C;cloudType=Consumer;environment=Prod_SoutheastAsia_000j;migrationStage=NotStarted}
{"logTime": "0524/113810", "correlationVector":"xROVq5dvFEJv2QixWh+kSo","action":"Commit Request", "result":"", "context":Item count: 7
Contributing types: Bookmarks, Preferences, User Consents}
{"logTime": "0524/113811", "correlationVector":"xROVq5dvFEJv2QixWh+kSo.1","action":"SyncServerConnectionManagerRequest", "result":"SYNC_SERVER_OK", "context":{"environment":"Prod_SoutheastAsia_000j", "migrationStage":"NotStarted", "server":"GENERAL01000007"}}
{"logTime": "0524/113811", "correlationVector":"xROVq5dvFEJv2QixWh+kSo.2","action":"Commit Response", "result":"SYNCER_OK", "context":Result: SYNCER_OK. cV=xROVq5dvFEJv2QixWh+kSo.0;server=GENERAL01000007;cloudType=Consumer;environment=Prod_SoutheastAsia_000j;migrationStage=NotStarted}
{"logTime": "0524/113811", "correlationVector":"CqZFnQha/yx4mZwLoR2IJ1","action":"Commit Request", "result":"", "context":Item count: 1
Contributing types: Collection}
{"logTime": "0524/113812", "correlationVector":"CqZFnQha/yx4mZwLoR2IJ1.1","action":"SyncServerConnectionManagerRequest", "result":"SYNC_SERVER_OK", "context":{"environment":"Prod_SoutheastAsia_000j", "migrationStage":"NotStarted", "server":"GENERAL0100000C"}}
{"logTime": "0524/113812", "correlationVector":"CqZFnQha/yx4mZwLoR2IJ1.2","action":"Commit Response", "result":"SYNCER_OK", "context":Result: SYNCER_OK. cV=CqZFnQha/yx4mZwLoR2IJ1.0;server=GENERAL0100000C;cloudType=Consumer;environment=Prod_SoutheastAsia_000j;migrationStage=NotStarted}
